<?xml version="1.0" encoding="UTF-8"?>
<!-- Generated by org.testng.reporters.JUnitReportReporter -->
<testsuite hostname="192.168.1.107" failures="0" tests="1" name="com.xyzbanking.testCase.TC_AddCustomerPage_003" time="20.654" errors="0" timestamp="2022-03-08T13:20:40 IST" skipped="0">
  <testcase classname="com.xyzbanking.testCase.TC_AddCustomerPage_003" name="addNewCustomer" time="20.654"/>
  <system-out/>
</testsuite> <!-- com.xyzbanking.testCase.TC_AddCustomerPage_003 -->
